<?xml version="1.0" encoding="UTF-8"?>
<!-- Generated by org.testng.reporters.JUnitXMLReporter -->
<testsuite ignored="0" hostname="Liam" failures="1" tests="7" name="Regression Test" time="73.588" errors="0" timestamp="2024-04-22T16:04:41 IST">
  <testcase classname="fuelbuddyAutomationTest.LoginScreenTest" name="testFuelBuddyLogo" time="0.053"/>
  <testcase classname="fuelbuddyAutomationTest.LoginScreenTest" name="testPhoneNumberTextField" time="0.054"/>
  <testcase classname="fuelbuddyAutomationTest.LoginScreenTest" name="testPhoneNumberField" time="0.056"/>
  <testcase classname="fuelbuddyAutomationTest.LoginScreenTest" name="testCountryCodeField" time="0.068"/>
  <testcase classname="fuelbuddyAutomationTest.LoginScreenTest" name="testCountryCodeTextField" time="0.045"/>
  <testcase classname="fuelbuddyAutomationTest.LoginScreenTest" name="testInvalidPhoneNumber" time="2.097"/>
  <testcase classname="fuelbuddyAutomationTest.LoginScreenTest" name="testValidPhoneNumber" time="10.868">
    <failure type="org.openqa.selenium.TimeoutException" message="Expected condition failed: waiting for visibility of element located by By.xpath: //android.widget.TextView[@text=&amp;quot;Verification Code&amp;quot;] (tried for 10 second(s) with 500 milliseconds interval)">
      <![CDATA[org.openqa.selenium.TimeoutException: Expected condition failed: waiting for visibility of element located by By.xpath: //android.widget.TextView[@text="Verification Code"] (tried for 10 second(s) with 500 milliseconds interval)
at org.openqa.selenium.support.ui.WebDriverWait.timeoutException(WebDriverWait.java:81)
at org.openqa.selenium.support.ui.FluentWait.until(FluentWait.java:271)
at fuelbuddyAutomationTest.LoginScreenTest.testValidPhoneNumber(LoginScreenTest.java:76)
at java.base/java.util.ArrayList.forEach(ArrayList.java:1511)
Caused by: org.openqa.selenium.NoSuchElementException: Cannot locate an element using By.xpath: //android.widget.TextView[@text="Verification Code"]
For documentation on this error, please visit: http://seleniumhq.org/exceptions/no_such_element.html
Build info: version: '3.11.0', revision: 'e59cfb3', time: '2018-03-11T20:26:55.152Z'
System info: host: 'LIAM', ip: '192.168.1.22', os.name: 'Windows 11', os.arch: 'amd64', os.version: '10.0', java.version: '17.0.10'
Driver info: driver.version: unknown
at org.openqa.selenium.support.ui.ExpectedConditions.lambda$findElement$0(ExpectedConditions.java:896)
at java.base/java.util.Optional.orElseThrow(Optional.java:403)
at org.openqa.selenium.support.ui.ExpectedConditions.findElement(ExpectedConditions.java:895)
at org.openqa.selenium.support.ui.ExpectedConditions.access$000(ExpectedConditions.java:44)
at org.openqa.selenium.support.ui.ExpectedConditions$7.apply(ExpectedConditions.java:206)
at org.openqa.selenium.support.ui.ExpectedConditions$7.apply(ExpectedConditions.java:202)
at org.openqa.selenium.support.ui.FluentWait.until(FluentWait.java:248)
... 29 more
... Removed 27 stack frames]]>
    </failure>
  </testcase> <!-- testValidPhoneNumber -->
</testsuite> <!-- Regression Test -->
