<!DOCTYPE html PUBLIC "-//W3C//DTD XHTML 1.1//EN" "https://www.w3.org/TR/xhtml11/DTD/xhtml11.dtd">
<html xmlns="https://www.w3.org/1999/xhtml">
<head>
<meta http-equiv="content-type" content="text/html; charset=UTF-8"/>
<title>TestNG Report</title>
<style type="text/css">table {margin-bottom:10px;border-collapse:collapse;empty-cells:show}th,td {border:1px solid #009;padding:.25em .5em}th {vertical-align:bottom}td {vertical-align:top}table a {font-weight:bold}.stripe td {background-color: #E6EBF9}.num {text-align:right}.passedodd td {background-color: #3F3}.passedeven td {background-color: #0A0}.skippedodd td {background-color: #DDD}.skippedeven td {background-color: #CCC}.failedodd td,.attn {background-color: #F33}.failedeven td,.stripe .attn {background-color: #D00}.stacktrace {white-space:pre;font-family:monospace}.totop {font-size:85%;text-align:center;border-bottom:2px solid #000}.invisible {display:none}</style>
</head>
<body>
<table>
<tr><th>Test</th><th># Passed</th><th># Skipped</th><th># Retried</th><th># Failed</th><th>Time (ms)</th><th>Included Groups</th><th>Excluded Groups</th></tr>
<tr><th colspan="8">Regression Suite</th></tr>
<tr><td><a href="#t0">Regression Test</a></td><td class="num">6</td><td class="num">0</td><td class="num">0</td><td class="num attn">1</td><td class="num">73,588</td><td>regression</td><td></td></tr>
</table>
<table id='summary'><thead><tr><th>Class</th><th>Method</th><th>Start</th><th>Time (ms)</th></tr></thead><tbody><tr><th colspan="4">Regression Suite</th></tr></tbody><tbody id="t0"><tr><th colspan="4">Regression Test &#8212; failed</th></tr><tr class="failedeven"><td rowspan="1">fuelbuddyAutomationTest.LoginScreenTest</td><td><a href="#m0">testValidPhoneNumber</a></td><td rowspan="1">1713798270295</td><td rowspan="1">10868</td></tr><tr><th colspan="4">Regression Test &#8212; passed</th></tr><tr class="passedeven"><td rowspan="6">fuelbuddyAutomationTest.LoginScreenTest</td><td><a href="#m1">testCountryCodeField</a></td><td rowspan="1">1713798246309</td><td rowspan="1">68</td></tr><tr class="passedeven"><td><a href="#m2">testCountryCodeTextField</a></td><td rowspan="1">1713798253125</td><td rowspan="1">45</td></tr><tr class="passedeven"><td><a href="#m3">testFuelBuddyLogo</a></td><td rowspan="1">1713798225209</td><td rowspan="1">53</td></tr><tr class="passedeven"><td><a href="#m4">testInvalidPhoneNumber</a></td><td rowspan="1">1713798260109</td><td rowspan="1">2097</td></tr><tr class="passedeven"><td><a href="#m5">testPhoneNumberField</a></td><td rowspan="1">1713798239276</td><td rowspan="1">56</td></tr><tr class="passedeven"><td><a href="#m6">testPhoneNumberTextField</a></td><td rowspan="1">1713798232342</td><td rowspan="1">54</td></tr></tbody>
</table>
<h2>Regression Test</h2><h3 id="m0">fuelbuddyAutomationTest.LoginScreenTest#testValidPhoneNumber</h3><table class="result"><tr><th>Exception</th></tr><tr><td><div class="stacktrace">org.openqa.selenium.TimeoutException: Expected condition failed: waiting for visibility of element located by By.xpath: //android.widget.TextView[@text=&quot;Verification Code&quot;] (tried for 10 second(s) with 500 milliseconds interval)
	at org.openqa.selenium.support.ui.WebDriverWait.timeoutException(WebDriverWait.java:81)
	at org.openqa.selenium.support.ui.FluentWait.until(FluentWait.java:271)
	at fuelbuddyAutomationTest.LoginScreenTest.testValidPhoneNumber(LoginScreenTest.java:76)
	at java.base/java.util.ArrayList.forEach(ArrayList.java:1511)
Caused by: org.openqa.selenium.NoSuchElementException: Cannot locate an element using By.xpath: //android.widget.TextView[@text=&quot;Verification Code&quot;]
For documentation on this error, please visit: http://seleniumhq.org/exceptions/no_such_element.html
Build info: version: &apos;3.11.0&apos;, revision: &apos;e59cfb3&apos;, time: &apos;2018-03-11T20:26:55.152Z&apos;
System info: host: &apos;LIAM&apos;, ip: &apos;192.168.1.22&apos;, os.name: &apos;Windows 11&apos;, os.arch: &apos;amd64&apos;, os.version: &apos;10.0&apos;, java.version: &apos;17.0.10&apos;
Driver info: driver.version: unknown
	at org.openqa.selenium.support.ui.ExpectedConditions.lambda$findElement$0(ExpectedConditions.java:896)
	at java.base/java.util.Optional.orElseThrow(Optional.java:403)
	at org.openqa.selenium.support.ui.ExpectedConditions.findElement(ExpectedConditions.java:895)
	at org.openqa.selenium.support.ui.ExpectedConditions.access$000(ExpectedConditions.java:44)
	at org.openqa.selenium.support.ui.ExpectedConditions$7.apply(ExpectedConditions.java:206)
	at org.openqa.selenium.support.ui.ExpectedConditions$7.apply(ExpectedConditions.java:202)
	at org.openqa.selenium.support.ui.FluentWait.until(FluentWait.java:248)
	... 29 more
... Removed 27 stack frames</div></td></tr></table><p class="totop"><a href="#summary">back to summary</a></p>
<h3 id="m1">fuelbuddyAutomationTest.LoginScreenTest#testCountryCodeField</h3><table class="result"><tr><th class="invisible"/></tr></table><p class="totop"><a href="#summary">back to summary</a></p>
<h3 id="m2">fuelbuddyAutomationTest.LoginScreenTest#testCountryCodeTextField</h3><table class="result"><tr><th class="invisible"/></tr></table><p class="totop"><a href="#summary">back to summary</a></p>
<h3 id="m3">fuelbuddyAutomationTest.LoginScreenTest#testFuelBuddyLogo</h3><table class="result"><tr><th class="invisible"/></tr></table><p class="totop"><a href="#summary">back to summary</a></p>
<h3 id="m4">fuelbuddyAutomationTest.LoginScreenTest#testInvalidPhoneNumber</h3><table class="result"><tr><th class="invisible"/></tr></table><p class="totop"><a href="#summary">back to summary</a></p>
<h3 id="m5">fuelbuddyAutomationTest.LoginScreenTest#testPhoneNumberField</h3><table class="result"><tr><th class="invisible"/></tr></table><p class="totop"><a href="#summary">back to summary</a></p>
<h3 id="m6">fuelbuddyAutomationTest.LoginScreenTest#testPhoneNumberTextField</h3><table class="result"><tr><th class="invisible"/></tr></table><p class="totop"><a href="#summary">back to summary</a></p>
</body>
</html>
