<?xml version="1.0" encoding="UTF-8"?>
<testng-results ignored="0" total="23" passed="20" failed="3" skipped="0">
  <reporter-output>
  </reporter-output>
  <suite started-at="2024-03-03T18:24:56 GMT" name="Regression Suite" finished-at="2024-03-03T18:28:33 GMT" duration-ms="216634">
    <groups>
      <group name="regression">
        <method signature="RegistrationScreenTest.testBlankNameAndValidUsernameAndPhone()[pri:15, instance:fuelbuddyAutomationTest.RegistrationScreenTest@8f2ef19]" name="testBlankNameAndValidUsernameAndPhone" class="fuelbuddyAutomationTest.RegistrationScreenTest"/>
        <method signature="RegistrationScreenTest.testFuelBuddyLogo()[pri:1, instance:fuelbuddyAutomationTest.RegistrationScreenTest@8f2ef19]" name="testFuelBuddyLogo" class="fuelbuddyAutomationTest.RegistrationScreenTest"/>
        <method signature="RegistrationScreenTest.testInvalidNameAndValidUsernameAndPhone()[pri:14, instance:fuelbuddyAutomationTest.RegistrationScreenTest@8f2ef19]" name="testInvalidNameAndValidUsernameAndPhone" class="fuelbuddyAutomationTest.RegistrationScreenTest"/>
        <method signature="RegistrationScreenTest.testLoginToggleButtonClick()[pri:3, instance:fuelbuddyAutomationTest.RegistrationScreenTest@8f2ef19]" name="testLoginToggleButtonClick" class="fuelbuddyAutomationTest.RegistrationScreenTest"/>
        <method signature="RegistrationScreenTest.testLoginToggleButtonDisplayed()[pri:2, instance:fuelbuddyAutomationTest.RegistrationScreenTest@8f2ef19]" name="testLoginToggleButtonDisplayed" class="fuelbuddyAutomationTest.RegistrationScreenTest"/>
        <method signature="RegistrationScreenTest.testNameFieldDisplayed()[pri:5, instance:fuelbuddyAutomationTest.RegistrationScreenTest@8f2ef19]" name="testNameFieldDisplayed" class="fuelbuddyAutomationTest.RegistrationScreenTest"/>
        <method signature="RegistrationScreenTest.testNameFieldText()[pri:4, instance:fuelbuddyAutomationTest.RegistrationScreenTest@8f2ef19]" name="testNameFieldText" class="fuelbuddyAutomationTest.RegistrationScreenTest"/>
        <method signature="RegistrationScreenTest.testPhoneNumberFieldDisplayed()[pri:9, instance:fuelbuddyAutomationTest.RegistrationScreenTest@8f2ef19]" name="testPhoneNumberFieldDisplayed" class="fuelbuddyAutomationTest.RegistrationScreenTest"/>
        <method signature="RegistrationScreenTest.testPhoneNumberFieldText()[pri:8, instance:fuelbuddyAutomationTest.RegistrationScreenTest@8f2ef19]" name="testPhoneNumberFieldText" class="fuelbuddyAutomationTest.RegistrationScreenTest"/>
        <method signature="RegistrationScreenTest.testPhoneNumberPrefixFieldDisaplys()[pri:10, instance:fuelbuddyAutomationTest.RegistrationScreenTest@8f2ef19]" name="testPhoneNumberPrefixFieldDisaplys" class="fuelbuddyAutomationTest.RegistrationScreenTest"/>
        <method signature="RegistrationScreenTest.testPhoneNumberPrefixFieldText()[pri:11, instance:fuelbuddyAutomationTest.RegistrationScreenTest@8f2ef19]" name="testPhoneNumberPrefixFieldText" class="fuelbuddyAutomationTest.RegistrationScreenTest"/>
        <method signature="RegistrationScreenTest.testRegisterButtonDisplayed()[pri:12, instance:fuelbuddyAutomationTest.RegistrationScreenTest@8f2ef19]" name="testRegisterButtonDisplayed" class="fuelbuddyAutomationTest.RegistrationScreenTest"/>
        <method signature="RegistrationScreenTest.testRegisterButtonText()[pri:13, instance:fuelbuddyAutomationTest.RegistrationScreenTest@8f2ef19]" name="testRegisterButtonText" class="fuelbuddyAutomationTest.RegistrationScreenTest"/>
        <method signature="RegistrationScreenTest.testUsernameFieldDisplayed()[pri:7, instance:fuelbuddyAutomationTest.RegistrationScreenTest@8f2ef19]" name="testUsernameFieldDisplayed" class="fuelbuddyAutomationTest.RegistrationScreenTest"/>
        <method signature="RegistrationScreenTest.testUsernameFieldText()[pri:6, instance:fuelbuddyAutomationTest.RegistrationScreenTest@8f2ef19]" name="testUsernameFieldText" class="fuelbuddyAutomationTest.RegistrationScreenTest"/>
        <method signature="RegistrationScreenTest.testValidNameAndInvalidUsernameAndPhone()[pri:16, instance:fuelbuddyAutomationTest.RegistrationScreenTest@8f2ef19]" name="testValidNameAndInvalidUsernameAndPhone" class="fuelbuddyAutomationTest.RegistrationScreenTest"/>
        <method signature="WelcomeScreenTest.testClickGetStartedButton()[pri:7, instance:fuelbuddyAutomationTest.WelcomeScreenTest@15bb5034]" name="testClickGetStartedButton" class="fuelbuddyAutomationTest.WelcomeScreenTest"/>
        <method signature="WelcomeScreenTest.testFuelBuddyLogo()[pri:1, instance:fuelbuddyAutomationTest.WelcomeScreenTest@15bb5034]" name="testFuelBuddyLogo" class="fuelbuddyAutomationTest.WelcomeScreenTest"/>
        <method signature="WelcomeScreenTest.testFuelStationImage()[pri:4, instance:fuelbuddyAutomationTest.WelcomeScreenTest@15bb5034]" name="testFuelStationImage" class="fuelbuddyAutomationTest.WelcomeScreenTest"/>
        <method signature="WelcomeScreenTest.testGetStartedButtonDisplay()[pri:5, instance:fuelbuddyAutomationTest.WelcomeScreenTest@15bb5034]" name="testGetStartedButtonDisplay" class="fuelbuddyAutomationTest.WelcomeScreenTest"/>
        <method signature="WelcomeScreenTest.testGetStartedText()[pri:6, instance:fuelbuddyAutomationTest.WelcomeScreenTest@15bb5034]" name="testGetStartedText" class="fuelbuddyAutomationTest.WelcomeScreenTest"/>
        <method signature="WelcomeScreenTest.testWelcomeSloganText()[pri:3, instance:fuelbuddyAutomationTest.WelcomeScreenTest@15bb5034]" name="testWelcomeSloganText" class="fuelbuddyAutomationTest.WelcomeScreenTest"/>
        <method signature="WelcomeScreenTest.testWelcomeText()[pri:2, instance:fuelbuddyAutomationTest.WelcomeScreenTest@15bb5034]" name="testWelcomeText" class="fuelbuddyAutomationTest.WelcomeScreenTest"/>
      </group> <!-- regression -->
      <group name="smoke">
        <method signature="RegistrationScreenTest.testBlankNameAndValidUsernameAndPhone()[pri:15, instance:fuelbuddyAutomationTest.RegistrationScreenTest@8f2ef19]" name="testBlankNameAndValidUsernameAndPhone" class="fuelbuddyAutomationTest.RegistrationScreenTest"/>
        <method signature="RegistrationScreenTest.testInvalidNameAndValidUsernameAndPhone()[pri:14, instance:fuelbuddyAutomationTest.RegistrationScreenTest@8f2ef19]" name="testInvalidNameAndValidUsernameAndPhone" class="fuelbuddyAutomationTest.RegistrationScreenTest"/>
        <method signature="RegistrationScreenTest.testValidNameAndInvalidUsernameAndPhone()[pri:16, instance:fuelbuddyAutomationTest.RegistrationScreenTest@8f2ef19]" name="testValidNameAndInvalidUsernameAndPhone" class="fuelbuddyAutomationTest.RegistrationScreenTest"/>
        <method signature="WelcomeScreenTest.testClickGetStartedButton()[pri:7, instance:fuelbuddyAutomationTest.WelcomeScreenTest@15bb5034]" name="testClickGetStartedButton" class="fuelbuddyAutomationTest.WelcomeScreenTest"/>
      </group> <!-- smoke -->
    </groups>
    <test started-at="2024-03-03T18:24:56 GMT" name="Regression Test" finished-at="2024-03-03T18:28:33 GMT" duration-ms="216634">
      <class name="fuelbuddyAutomationTest.RegistrationScreenTest">
        <test-method is-config="true" signature="setUp()[pri:0, instance:fuelbuddyAutomationTest.RegistrationScreenTest@8f2ef19]" started-at="2024-03-03T18:25:52 GMT" name="setUp" finished-at="2024-03-03T18:26:01 GMT" duration-ms="9135" status="PASS">
          <reporter-output>
          </reporter-output>
        </test-method> <!-- setUp -->
        <test-method is-config="true" signature="navigateToRegistrationPage()[pri:0, instance:fuelbuddyAutomationTest.RegistrationScreenTest@8f2ef19]" started-at="2024-03-03T18:26:01 GMT" name="navigateToRegistrationPage" finished-at="2024-03-03T18:26:08 GMT" duration-ms="6997" status="PASS">
          <reporter-output>
          </reporter-output>
        </test-method> <!-- navigateToRegistrationPage -->
        <test-method signature="testFuelBuddyLogo()[pri:1, instance:fuelbuddyAutomationTest.RegistrationScreenTest@8f2ef19]" started-at="2024-03-03T18:26:08 GMT" name="testFuelBuddyLogo" finished-at="2024-03-03T18:26:08 GMT" duration-ms="52" status="PASS">
          <reporter-output>
          </reporter-output>
        </test-method> <!-- testFuelBuddyLogo -->
        <test-method is-config="true" signature="navigateToRegistrationPage()[pri:0, instance:fuelbuddyAutomationTest.RegistrationScreenTest@8f2ef19]" started-at="2024-03-03T18:26:08 GMT" name="navigateToRegistrationPage" finished-at="2024-03-03T18:26:15 GMT" duration-ms="7204" status="PASS">
          <reporter-output>
          </reporter-output>
        </test-method> <!-- navigateToRegistrationPage -->
        <test-method signature="testLoginToggleButtonDisplayed()[pri:2, instance:fuelbuddyAutomationTest.RegistrationScreenTest@8f2ef19]" started-at="2024-03-03T18:26:15 GMT" name="testLoginToggleButtonDisplayed" finished-at="2024-03-03T18:26:15 GMT" duration-ms="60" status="PASS">
          <reporter-output>
          </reporter-output>
        </test-method> <!-- testLoginToggleButtonDisplayed -->
        <test-method is-config="true" signature="navigateToRegistrationPage()[pri:0, instance:fuelbuddyAutomationTest.RegistrationScreenTest@8f2ef19]" started-at="2024-03-03T18:26:15 GMT" name="navigateToRegistrationPage" finished-at="2024-03-03T18:26:22 GMT" duration-ms="7041" status="PASS">
          <reporter-output>
          </reporter-output>
        </test-method> <!-- navigateToRegistrationPage -->
        <test-method signature="testLoginToggleButtonClick()[pri:3, instance:fuelbuddyAutomationTest.RegistrationScreenTest@8f2ef19]" started-at="2024-03-03T18:26:22 GMT" name="testLoginToggleButtonClick" finished-at="2024-03-03T18:26:23 GMT" duration-ms="831" status="PASS">
          <reporter-output>
          </reporter-output>
        </test-method> <!-- testLoginToggleButtonClick -->
        <test-method is-config="true" signature="navigateToRegistrationPage()[pri:0, instance:fuelbuddyAutomationTest.RegistrationScreenTest@8f2ef19]" started-at="2024-03-03T18:26:23 GMT" name="navigateToRegistrationPage" finished-at="2024-03-03T18:26:30 GMT" duration-ms="7232" status="PASS">
          <reporter-output>
          </reporter-output>
        </test-method> <!-- navigateToRegistrationPage -->
        <test-method signature="testNameFieldText()[pri:4, instance:fuelbuddyAutomationTest.RegistrationScreenTest@8f2ef19]" started-at="2024-03-03T18:26:30 GMT" name="testNameFieldText" finished-at="2024-03-03T18:26:30 GMT" duration-ms="54" status="PASS">
          <reporter-output>
          </reporter-output>
        </test-method> <!-- testNameFieldText -->
        <test-method is-config="true" signature="navigateToRegistrationPage()[pri:0, instance:fuelbuddyAutomationTest.RegistrationScreenTest@8f2ef19]" started-at="2024-03-03T18:26:30 GMT" name="navigateToRegistrationPage" finished-at="2024-03-03T18:26:37 GMT" duration-ms="6996" status="PASS">
          <reporter-output>
          </reporter-output>
        </test-method> <!-- navigateToRegistrationPage -->
        <test-method signature="testNameFieldDisplayed()[pri:5, instance:fuelbuddyAutomationTest.RegistrationScreenTest@8f2ef19]" started-at="2024-03-03T18:26:37 GMT" name="testNameFieldDisplayed" finished-at="2024-03-03T18:26:38 GMT" duration-ms="52" status="PASS">
          <reporter-output>
          </reporter-output>
        </test-method> <!-- testNameFieldDisplayed -->
        <test-method is-config="true" signature="navigateToRegistrationPage()[pri:0, instance:fuelbuddyAutomationTest.RegistrationScreenTest@8f2ef19]" started-at="2024-03-03T18:26:38 GMT" name="navigateToRegistrationPage" finished-at="2024-03-03T18:26:45 GMT" duration-ms="7281" status="PASS">
          <reporter-output>
          </reporter-output>
        </test-method> <!-- navigateToRegistrationPage -->
        <test-method signature="testUsernameFieldText()[pri:6, instance:fuelbuddyAutomationTest.RegistrationScreenTest@8f2ef19]" started-at="2024-03-03T18:26:45 GMT" name="testUsernameFieldText" finished-at="2024-03-03T18:26:45 GMT" duration-ms="58" status="PASS">
          <reporter-output>
          </reporter-output>
        </test-method> <!-- testUsernameFieldText -->
        <test-method is-config="true" signature="navigateToRegistrationPage()[pri:0, instance:fuelbuddyAutomationTest.RegistrationScreenTest@8f2ef19]" started-at="2024-03-03T18:26:45 GMT" name="navigateToRegistrationPage" finished-at="2024-03-03T18:26:52 GMT" duration-ms="7008" status="PASS">
          <reporter-output>
          </reporter-output>
        </test-method> <!-- navigateToRegistrationPage -->
        <test-method signature="testUsernameFieldDisplayed()[pri:7, instance:fuelbuddyAutomationTest.RegistrationScreenTest@8f2ef19]" started-at="2024-03-03T18:26:52 GMT" name="testUsernameFieldDisplayed" finished-at="2024-03-03T18:26:52 GMT" duration-ms="53" status="PASS">
          <reporter-output>
          </reporter-output>
        </test-method> <!-- testUsernameFieldDisplayed -->
        <test-method is-config="true" signature="navigateToRegistrationPage()[pri:0, instance:fuelbuddyAutomationTest.RegistrationScreenTest@8f2ef19]" started-at="2024-03-03T18:26:52 GMT" name="navigateToRegistrationPage" finished-at="2024-03-03T18:26:59 GMT" duration-ms="7109" status="PASS">
          <reporter-output>
          </reporter-output>
        </test-method> <!-- navigateToRegistrationPage -->
        <test-method signature="testPhoneNumberFieldText()[pri:8, instance:fuelbuddyAutomationTest.RegistrationScreenTest@8f2ef19]" started-at="2024-03-03T18:26:59 GMT" name="testPhoneNumberFieldText" finished-at="2024-03-03T18:26:59 GMT" duration-ms="64" status="PASS">
          <reporter-output>
          </reporter-output>
        </test-method> <!-- testPhoneNumberFieldText -->
        <test-method is-config="true" signature="navigateToRegistrationPage()[pri:0, instance:fuelbuddyAutomationTest.RegistrationScreenTest@8f2ef19]" started-at="2024-03-03T18:26:59 GMT" name="navigateToRegistrationPage" finished-at="2024-03-03T18:27:06 GMT" duration-ms="7119" status="PASS">
          <reporter-output>
          </reporter-output>
        </test-method> <!-- navigateToRegistrationPage -->
        <test-method signature="testPhoneNumberFieldDisplayed()[pri:9, instance:fuelbuddyAutomationTest.RegistrationScreenTest@8f2ef19]" started-at="2024-03-03T18:27:06 GMT" name="testPhoneNumberFieldDisplayed" finished-at="2024-03-03T18:27:06 GMT" duration-ms="54" status="PASS">
          <reporter-output>
          </reporter-output>
        </test-method> <!-- testPhoneNumberFieldDisplayed -->
        <test-method is-config="true" signature="navigateToRegistrationPage()[pri:0, instance:fuelbuddyAutomationTest.RegistrationScreenTest@8f2ef19]" started-at="2024-03-03T18:27:06 GMT" name="navigateToRegistrationPage" finished-at="2024-03-03T18:27:13 GMT" duration-ms="7223" status="PASS">
          <reporter-output>
          </reporter-output>
        </test-method> <!-- navigateToRegistrationPage -->
        <test-method signature="testPhoneNumberPrefixFieldDisaplys()[pri:10, instance:fuelbuddyAutomationTest.RegistrationScreenTest@8f2ef19]" started-at="2024-03-03T18:27:13 GMT" name="testPhoneNumberPrefixFieldDisaplys" finished-at="2024-03-03T18:27:14 GMT" duration-ms="51" status="PASS">
          <reporter-output>
          </reporter-output>
        </test-method> <!-- testPhoneNumberPrefixFieldDisaplys -->
        <test-method is-config="true" signature="navigateToRegistrationPage()[pri:0, instance:fuelbuddyAutomationTest.RegistrationScreenTest@8f2ef19]" started-at="2024-03-03T18:27:14 GMT" name="navigateToRegistrationPage" finished-at="2024-03-03T18:27:21 GMT" duration-ms="6973" status="PASS">
          <reporter-output>
          </reporter-output>
        </test-method> <!-- navigateToRegistrationPage -->
        <test-method signature="testPhoneNumberPrefixFieldText()[pri:11, instance:fuelbuddyAutomationTest.RegistrationScreenTest@8f2ef19]" started-at="2024-03-03T18:27:21 GMT" name="testPhoneNumberPrefixFieldText" finished-at="2024-03-03T18:27:21 GMT" duration-ms="63" status="PASS">
          <reporter-output>
          </reporter-output>
        </test-method> <!-- testPhoneNumberPrefixFieldText -->
        <test-method is-config="true" signature="navigateToRegistrationPage()[pri:0, instance:fuelbuddyAutomationTest.RegistrationScreenTest@8f2ef19]" started-at="2024-03-03T18:27:21 GMT" name="navigateToRegistrationPage" finished-at="2024-03-03T18:27:28 GMT" duration-ms="7233" status="PASS">
          <reporter-output>
          </reporter-output>
        </test-method> <!-- navigateToRegistrationPage -->
        <test-method signature="testRegisterButtonDisplayed()[pri:12, instance:fuelbuddyAutomationTest.RegistrationScreenTest@8f2ef19]" started-at="2024-03-03T18:27:28 GMT" name="testRegisterButtonDisplayed" finished-at="2024-03-03T18:27:28 GMT" duration-ms="60" status="PASS">
          <reporter-output>
          </reporter-output>
        </test-method> <!-- testRegisterButtonDisplayed -->
        <test-method is-config="true" signature="navigateToRegistrationPage()[pri:0, instance:fuelbuddyAutomationTest.RegistrationScreenTest@8f2ef19]" started-at="2024-03-03T18:27:28 GMT" name="navigateToRegistrationPage" finished-at="2024-03-03T18:27:35 GMT" duration-ms="7040" status="PASS">
          <reporter-output>
          </reporter-output>
        </test-method> <!-- navigateToRegistrationPage -->
        <test-method signature="testRegisterButtonText()[pri:13, instance:fuelbuddyAutomationTest.RegistrationScreenTest@8f2ef19]" started-at="2024-03-03T18:27:35 GMT" name="testRegisterButtonText" finished-at="2024-03-03T18:27:35 GMT" duration-ms="64" status="PASS">
          <reporter-output>
          </reporter-output>
        </test-method> <!-- testRegisterButtonText -->
        <test-method is-config="true" signature="navigateToRegistrationPage()[pri:0, instance:fuelbuddyAutomationTest.RegistrationScreenTest@8f2ef19]" started-at="2024-03-03T18:27:35 GMT" name="navigateToRegistrationPage" finished-at="2024-03-03T18:27:42 GMT" duration-ms="7037" status="PASS">
          <reporter-output>
          </reporter-output>
        </test-method> <!-- navigateToRegistrationPage -->
        <test-method signature="testInvalidNameAndValidUsernameAndPhone()[pri:14, instance:fuelbuddyAutomationTest.RegistrationScreenTest@8f2ef19]" started-at="2024-03-03T18:27:42 GMT" name="testInvalidNameAndValidUsernameAndPhone" finished-at="2024-03-03T18:27:54 GMT" duration-ms="11781" status="FAIL">
          <exception class="org.openqa.selenium.TimeoutException">
            <message>
              <![CDATA[Expected condition failed: waiting for visibility of element located by By.xpath: //android.widget.TextView[@text="Please Enter Your Full Name."] (tried for 10 second(s) with 500 milliseconds interval)]]>
            </message>
            <full-stacktrace>
              <![CDATA[org.openqa.selenium.TimeoutException: Expected condition failed: waiting for visibility of element located by By.xpath: //android.widget.TextView[@text="Please Enter Your Full Name."] (tried for 10 second(s) with 500 milliseconds interval)
at org.openqa.selenium.support.ui.WebDriverWait.timeoutException(WebDriverWait.java:81)
at org.openqa.selenium.support.ui.FluentWait.until(FluentWait.java:271)
at fuelbuddyAutomationTest.RegistrationScreenTest.testInvalidNameAndValidUsernameAndPhone(RegistrationScreenTest.java:129)
at java.base/jdk.internal.reflect.NativeMethodAccessorImpl.invoke0(Native Method)
at java.base/jdk.internal.reflect.NativeMethodAccessorImpl.invoke(NativeMethodAccessorImpl.java:77)
at java.base/jdk.internal.reflect.DelegatingMethodAccessorImpl.invoke(DelegatingMethodAccessorImpl.java:43)
at java.base/java.lang.reflect.Method.invoke(Method.java:568)
at org.testng.internal.MethodInvocationHelper.invokeMethod(MethodInvocationHelper.java:133)
at org.testng.internal.TestInvoker.invokeMethod(TestInvoker.java:598)
at org.testng.internal.TestInvoker.invokeTestMethod(TestInvoker.java:173)
at org.testng.internal.MethodRunner.runInSequence(MethodRunner.java:46)
at org.testng.internal.TestInvoker$MethodInvocationAgent.invoke(TestInvoker.java:824)
at org.testng.internal.TestInvoker.invokeTestMethods(TestInvoker.java:146)
at org.testng.internal.TestMethodWorker.invokeTestMethods(TestMethodWorker.java:146)
at org.testng.internal.TestMethodWorker.run(TestMethodWorker.java:128)
at java.base/java.util.ArrayList.forEach(ArrayList.java:1511)
at org.testng.TestRunner.privateRun(TestRunner.java:794)
at org.testng.TestRunner.run(TestRunner.java:596)
at org.testng.SuiteRunner.runTest(SuiteRunner.java:377)
at org.testng.SuiteRunner.runSequentially(SuiteRunner.java:371)
at org.testng.SuiteRunner.privateRun(SuiteRunner.java:332)
at org.testng.SuiteRunner.run(SuiteRunner.java:276)
at org.testng.SuiteRunnerWorker.runSuite(SuiteRunnerWorker.java:53)
at org.testng.SuiteRunnerWorker.run(SuiteRunnerWorker.java:96)
at org.testng.TestNG.runSuitesSequentially(TestNG.java:1212)
at org.testng.TestNG.runSuitesLocally(TestNG.java:1134)
at org.testng.TestNG.runSuites(TestNG.java:1063)
at org.testng.TestNG.run(TestNG.java:1031)
at org.testng.remote.AbstractRemoteTestNG.run(AbstractRemoteTestNG.java:115)
at org.testng.remote.RemoteTestNG.initAndRun(RemoteTestNG.java:251)
at org.testng.remote.RemoteTestNG.main(RemoteTestNG.java:77)
Caused by: org.openqa.selenium.NoSuchElementException: Cannot locate an element using By.xpath: //android.widget.TextView[@text="Please Enter Your Full Name."]
For documentation on this error, please visit: http://seleniumhq.org/exceptions/no_such_element.html
Build info: version: '3.11.0', revision: 'e59cfb3', time: '2018-03-11T20:26:55.152Z'
System info: host: 'LIAM', ip: '192.168.1.7', os.name: 'Windows 11', os.arch: 'amd64', os.version: '10.0', java.version: '17.0.10'
Driver info: driver.version: unknown
at org.openqa.selenium.support.ui.ExpectedConditions.lambda$findElement$0(ExpectedConditions.java:896)
at java.base/java.util.Optional.orElseThrow(Optional.java:403)
at org.openqa.selenium.support.ui.ExpectedConditions.findElement(ExpectedConditions.java:895)
at org.openqa.selenium.support.ui.ExpectedConditions.access$000(ExpectedConditions.java:44)
at org.openqa.selenium.support.ui.ExpectedConditions$7.apply(ExpectedConditions.java:206)
at org.openqa.selenium.support.ui.ExpectedConditions$7.apply(ExpectedConditions.java:202)
at org.openqa.selenium.support.ui.FluentWait.until(FluentWait.java:248)
... 29 more
]]>
            </full-stacktrace>
          </exception> <!-- org.openqa.selenium.TimeoutException -->
          <reporter-output>
          </reporter-output>
        </test-method> <!-- testInvalidNameAndValidUsernameAndPhone -->
        <test-method is-config="true" signature="navigateToRegistrationPage()[pri:0, instance:fuelbuddyAutomationTest.RegistrationScreenTest@8f2ef19]" started-at="2024-03-03T18:27:54 GMT" name="navigateToRegistrationPage" finished-at="2024-03-03T18:28:01 GMT" duration-ms="7398" status="PASS">
          <reporter-output>
          </reporter-output>
        </test-method> <!-- navigateToRegistrationPage -->
        <test-method signature="testBlankNameAndValidUsernameAndPhone()[pri:15, instance:fuelbuddyAutomationTest.RegistrationScreenTest@8f2ef19]" started-at="2024-03-03T18:28:01 GMT" name="testBlankNameAndValidUsernameAndPhone" finished-at="2024-03-03T18:28:13 GMT" duration-ms="11727" status="FAIL">
          <exception class="org.openqa.selenium.TimeoutException">
            <message>
              <![CDATA[Expected condition failed: waiting for visibility of element located by By.xpath: //android.widget.TextView[@text="Please enter your full name."] (tried for 10 second(s) with 500 milliseconds interval)]]>
            </message>
            <full-stacktrace>
              <![CDATA[org.openqa.selenium.TimeoutException: Expected condition failed: waiting for visibility of element located by By.xpath: //android.widget.TextView[@text="Please enter your full name."] (tried for 10 second(s) with 500 milliseconds interval)
at org.openqa.selenium.support.ui.WebDriverWait.timeoutException(WebDriverWait.java:81)
at org.openqa.selenium.support.ui.FluentWait.until(FluentWait.java:271)
at fuelbuddyAutomationTest.RegistrationScreenTest.testBlankNameAndValidUsernameAndPhone(RegistrationScreenTest.java:140)
at java.base/jdk.internal.reflect.NativeMethodAccessorImpl.invoke0(Native Method)
at java.base/jdk.internal.reflect.NativeMethodAccessorImpl.invoke(NativeMethodAccessorImpl.java:77)
at java.base/jdk.internal.reflect.DelegatingMethodAccessorImpl.invoke(DelegatingMethodAccessorImpl.java:43)
at java.base/java.lang.reflect.Method.invoke(Method.java:568)
at org.testng.internal.MethodInvocationHelper.invokeMethod(MethodInvocationHelper.java:133)
at org.testng.internal.TestInvoker.invokeMethod(TestInvoker.java:598)
at org.testng.internal.TestInvoker.invokeTestMethod(TestInvoker.java:173)
at org.testng.internal.MethodRunner.runInSequence(MethodRunner.java:46)
at org.testng.internal.TestInvoker$MethodInvocationAgent.invoke(TestInvoker.java:824)
at org.testng.internal.TestInvoker.invokeTestMethods(TestInvoker.java:146)
at org.testng.internal.TestMethodWorker.invokeTestMethods(TestMethodWorker.java:146)
at org.testng.internal.TestMethodWorker.run(TestMethodWorker.java:128)
at java.base/java.util.ArrayList.forEach(ArrayList.java:1511)
at org.testng.TestRunner.privateRun(TestRunner.java:794)
at org.testng.TestRunner.run(TestRunner.java:596)
at org.testng.SuiteRunner.runTest(SuiteRunner.java:377)
at org.testng.SuiteRunner.runSequentially(SuiteRunner.java:371)
at org.testng.SuiteRunner.privateRun(SuiteRunner.java:332)
at org.testng.SuiteRunner.run(SuiteRunner.java:276)
at org.testng.SuiteRunnerWorker.runSuite(SuiteRunnerWorker.java:53)
at org.testng.SuiteRunnerWorker.run(SuiteRunnerWorker.java:96)
at org.testng.TestNG.runSuitesSequentially(TestNG.java:1212)
at org.testng.TestNG.runSuitesLocally(TestNG.java:1134)
at org.testng.TestNG.runSuites(TestNG.java:1063)
at org.testng.TestNG.run(TestNG.java:1031)
at org.testng.remote.AbstractRemoteTestNG.run(AbstractRemoteTestNG.java:115)
at org.testng.remote.RemoteTestNG.initAndRun(RemoteTestNG.java:251)
at org.testng.remote.RemoteTestNG.main(RemoteTestNG.java:77)
Caused by: org.openqa.selenium.NoSuchElementException: Cannot locate an element using By.xpath: //android.widget.TextView[@text="Please enter your full name."]
For documentation on this error, please visit: http://seleniumhq.org/exceptions/no_such_element.html
Build info: version: '3.11.0', revision: 'e59cfb3', time: '2018-03-11T20:26:55.152Z'
System info: host: 'LIAM', ip: '192.168.1.7', os.name: 'Windows 11', os.arch: 'amd64', os.version: '10.0', java.version: '17.0.10'
Driver info: driver.version: unknown
at org.openqa.selenium.support.ui.ExpectedConditions.lambda$findElement$0(ExpectedConditions.java:896)
at java.base/java.util.Optional.orElseThrow(Optional.java:403)
at org.openqa.selenium.support.ui.ExpectedConditions.findElement(ExpectedConditions.java:895)
at org.openqa.selenium.support.ui.ExpectedConditions.access$000(ExpectedConditions.java:44)
at org.openqa.selenium.support.ui.ExpectedConditions$7.apply(ExpectedConditions.java:206)
at org.openqa.selenium.support.ui.ExpectedConditions$7.apply(ExpectedConditions.java:202)
at org.openqa.selenium.support.ui.FluentWait.until(FluentWait.java:248)
... 29 more
]]>
            </full-stacktrace>
          </exception> <!-- org.openqa.selenium.TimeoutException -->
          <reporter-output>
          </reporter-output>
        </test-method> <!-- testBlankNameAndValidUsernameAndPhone -->
        <test-method is-config="true" signature="navigateToRegistrationPage()[pri:0, instance:fuelbuddyAutomationTest.RegistrationScreenTest@8f2ef19]" started-at="2024-03-03T18:28:13 GMT" name="navigateToRegistrationPage" finished-at="2024-03-03T18:28:20 GMT" duration-ms="7186" status="PASS">
          <reporter-output>
          </reporter-output>
        </test-method> <!-- navigateToRegistrationPage -->
        <test-method signature="testValidNameAndInvalidUsernameAndPhone()[pri:16, instance:fuelbuddyAutomationTest.RegistrationScreenTest@8f2ef19]" started-at="2024-03-03T18:28:20 GMT" name="testValidNameAndInvalidUsernameAndPhone" finished-at="2024-03-03T18:28:33 GMT" duration-ms="12421" status="FAIL">
          <exception class="org.openqa.selenium.TimeoutException">
            <message>
              <![CDATA[Expected condition failed: waiting for visibility of element located by By.xpath: //android.widget.TextView[@text="Username must be between 6-20 characters long. "] (tried for 10 second(s) with 500 milliseconds interval)]]>
            </message>
            <full-stacktrace>
              <![CDATA[org.openqa.selenium.TimeoutException: Expected condition failed: waiting for visibility of element located by By.xpath: //android.widget.TextView[@text="Username must be between 6-20 characters long. "] (tried for 10 second(s) with 500 milliseconds interval)
at org.openqa.selenium.support.ui.WebDriverWait.timeoutException(WebDriverWait.java:81)
at org.openqa.selenium.support.ui.FluentWait.until(FluentWait.java:271)
at fuelbuddyAutomationTest.RegistrationScreenTest.testValidNameAndInvalidUsernameAndPhone(RegistrationScreenTest.java:151)
at java.base/jdk.internal.reflect.NativeMethodAccessorImpl.invoke0(Native Method)
at java.base/jdk.internal.reflect.NativeMethodAccessorImpl.invoke(NativeMethodAccessorImpl.java:77)
at java.base/jdk.internal.reflect.DelegatingMethodAccessorImpl.invoke(DelegatingMethodAccessorImpl.java:43)
at java.base/java.lang.reflect.Method.invoke(Method.java:568)
at org.testng.internal.MethodInvocationHelper.invokeMethod(MethodInvocationHelper.java:133)
at org.testng.internal.TestInvoker.invokeMethod(TestInvoker.java:598)
at org.testng.internal.TestInvoker.invokeTestMethod(TestInvoker.java:173)
at org.testng.internal.MethodRunner.runInSequence(MethodRunner.java:46)
at org.testng.internal.TestInvoker$MethodInvocationAgent.invoke(TestInvoker.java:824)
at org.testng.internal.TestInvoker.invokeTestMethods(TestInvoker.java:146)
at org.testng.internal.TestMethodWorker.invokeTestMethods(TestMethodWorker.java:146)
at org.testng.internal.TestMethodWorker.run(TestMethodWorker.java:128)
at java.base/java.util.ArrayList.forEach(ArrayList.java:1511)
at org.testng.TestRunner.privateRun(TestRunner.java:794)
at org.testng.TestRunner.run(TestRunner.java:596)
at org.testng.SuiteRunner.runTest(SuiteRunner.java:377)
at org.testng.SuiteRunner.runSequentially(SuiteRunner.java:371)
at org.testng.SuiteRunner.privateRun(SuiteRunner.java:332)
at org.testng.SuiteRunner.run(SuiteRunner.java:276)
at org.testng.SuiteRunnerWorker.runSuite(SuiteRunnerWorker.java:53)
at org.testng.SuiteRunnerWorker.run(SuiteRunnerWorker.java:96)
at org.testng.TestNG.runSuitesSequentially(TestNG.java:1212)
at org.testng.TestNG.runSuitesLocally(TestNG.java:1134)
at org.testng.TestNG.runSuites(TestNG.java:1063)
at org.testng.TestNG.run(TestNG.java:1031)
at org.testng.remote.AbstractRemoteTestNG.run(AbstractRemoteTestNG.java:115)
at org.testng.remote.RemoteTestNG.initAndRun(RemoteTestNG.java:251)
at org.testng.remote.RemoteTestNG.main(RemoteTestNG.java:77)
Caused by: org.openqa.selenium.NoSuchElementException: Cannot locate an element using By.xpath: //android.widget.TextView[@text="Username must be between 6-20 characters long. "]
For documentation on this error, please visit: http://seleniumhq.org/exceptions/no_such_element.html
Build info: version: '3.11.0', revision: 'e59cfb3', time: '2018-03-11T20:26:55.152Z'
System info: host: 'LIAM', ip: '192.168.1.7', os.name: 'Windows 11', os.arch: 'amd64', os.version: '10.0', java.version: '17.0.10'
Driver info: driver.version: unknown
at org.openqa.selenium.support.ui.ExpectedConditions.lambda$findElement$0(ExpectedConditions.java:896)
at java.base/java.util.Optional.orElseThrow(Optional.java:403)
at org.openqa.selenium.support.ui.ExpectedConditions.findElement(ExpectedConditions.java:895)
at org.openqa.selenium.support.ui.ExpectedConditions.access$000(ExpectedConditions.java:44)
at org.openqa.selenium.support.ui.ExpectedConditions$7.apply(ExpectedConditions.java:206)
at org.openqa.selenium.support.ui.ExpectedConditions$7.apply(ExpectedConditions.java:202)
at org.openqa.selenium.support.ui.FluentWait.until(FluentWait.java:248)
... 29 more
]]>
            </full-stacktrace>
          </exception> <!-- org.openqa.selenium.TimeoutException -->
          <reporter-output>
          </reporter-output>
        </test-method> <!-- testValidNameAndInvalidUsernameAndPhone -->
      </class> <!-- fuelbuddyAutomationTest.RegistrationScreenTest -->
      <class name="fuelbuddyAutomationTest.WelcomeScreenTest">
        <test-method is-config="true" signature="setUp()[pri:0, instance:fuelbuddyAutomationTest.WelcomeScreenTest@15bb5034]" started-at="2024-03-03T18:24:56 GMT" name="setUp" finished-at="2024-03-03T18:25:06 GMT" duration-ms="10525" status="PASS">
          <reporter-output>
          </reporter-output>
        </test-method> <!-- setUp -->
        <test-method is-config="true" signature="setUpEach()[pri:0, instance:fuelbuddyAutomationTest.WelcomeScreenTest@15bb5034]" started-at="2024-03-03T18:25:06 GMT" name="setUpEach" finished-at="2024-03-03T18:25:11 GMT" duration-ms="4298" status="PASS">
          <reporter-output>
          </reporter-output>
        </test-method> <!-- setUpEach -->
        <test-method signature="testFuelBuddyLogo()[pri:1, instance:fuelbuddyAutomationTest.WelcomeScreenTest@15bb5034]" started-at="2024-03-03T18:25:11 GMT" name="testFuelBuddyLogo" finished-at="2024-03-03T18:25:13 GMT" duration-ms="2112" status="PASS">
          <reporter-output>
          </reporter-output>
        </test-method> <!-- testFuelBuddyLogo -->
        <test-method is-config="true" signature="setUpEach()[pri:0, instance:fuelbuddyAutomationTest.WelcomeScreenTest@15bb5034]" started-at="2024-03-03T18:25:13 GMT" name="setUpEach" finished-at="2024-03-03T18:25:17 GMT" duration-ms="4344" status="PASS">
          <reporter-output>
          </reporter-output>
        </test-method> <!-- setUpEach -->
        <test-method signature="testWelcomeText()[pri:2, instance:fuelbuddyAutomationTest.WelcomeScreenTest@15bb5034]" started-at="2024-03-03T18:25:17 GMT" name="testWelcomeText" finished-at="2024-03-03T18:25:19 GMT" duration-ms="2100" status="PASS">
          <reporter-output>
          </reporter-output>
        </test-method> <!-- testWelcomeText -->
        <test-method is-config="true" signature="setUpEach()[pri:0, instance:fuelbuddyAutomationTest.WelcomeScreenTest@15bb5034]" started-at="2024-03-03T18:25:19 GMT" name="setUpEach" finished-at="2024-03-03T18:25:24 GMT" duration-ms="4347" status="PASS">
          <reporter-output>
          </reporter-output>
        </test-method> <!-- setUpEach -->
        <test-method signature="testWelcomeSloganText()[pri:3, instance:fuelbuddyAutomationTest.WelcomeScreenTest@15bb5034]" started-at="2024-03-03T18:25:24 GMT" name="testWelcomeSloganText" finished-at="2024-03-03T18:25:25 GMT" duration-ms="1848" status="PASS">
          <reporter-output>
          </reporter-output>
        </test-method> <!-- testWelcomeSloganText -->
        <test-method is-config="true" signature="setUpEach()[pri:0, instance:fuelbuddyAutomationTest.WelcomeScreenTest@15bb5034]" started-at="2024-03-03T18:25:25 GMT" name="setUpEach" finished-at="2024-03-03T18:25:30 GMT" duration-ms="4263" status="PASS">
          <reporter-output>
          </reporter-output>
        </test-method> <!-- setUpEach -->
        <test-method signature="testFuelStationImage()[pri:4, instance:fuelbuddyAutomationTest.WelcomeScreenTest@15bb5034]" started-at="2024-03-03T18:25:30 GMT" name="testFuelStationImage" finished-at="2024-03-03T18:25:32 GMT" duration-ms="2113" status="PASS">
          <reporter-output>
          </reporter-output>
        </test-method> <!-- testFuelStationImage -->
        <test-method is-config="true" signature="setUpEach()[pri:0, instance:fuelbuddyAutomationTest.WelcomeScreenTest@15bb5034]" started-at="2024-03-03T18:25:32 GMT" name="setUpEach" finished-at="2024-03-03T18:25:36 GMT" duration-ms="4329" status="PASS">
          <reporter-output>
          </reporter-output>
        </test-method> <!-- setUpEach -->
        <test-method signature="testGetStartedButtonDisplay()[pri:5, instance:fuelbuddyAutomationTest.WelcomeScreenTest@15bb5034]" started-at="2024-03-03T18:25:36 GMT" name="testGetStartedButtonDisplay" finished-at="2024-03-03T18:25:38 GMT" duration-ms="1824" status="PASS">
          <reporter-output>
          </reporter-output>
        </test-method> <!-- testGetStartedButtonDisplay -->
        <test-method is-config="true" signature="setUpEach()[pri:0, instance:fuelbuddyAutomationTest.WelcomeScreenTest@15bb5034]" started-at="2024-03-03T18:25:38 GMT" name="setUpEach" finished-at="2024-03-03T18:25:42 GMT" duration-ms="4395" status="PASS">
          <reporter-output>
          </reporter-output>
        </test-method> <!-- setUpEach -->
        <test-method signature="testGetStartedText()[pri:6, instance:fuelbuddyAutomationTest.WelcomeScreenTest@15bb5034]" started-at="2024-03-03T18:25:42 GMT" name="testGetStartedText" finished-at="2024-03-03T18:25:45 GMT" duration-ms="2142" status="PASS">
          <reporter-output>
          </reporter-output>
        </test-method> <!-- testGetStartedText -->
        <test-method is-config="true" signature="setUpEach()[pri:0, instance:fuelbuddyAutomationTest.WelcomeScreenTest@15bb5034]" started-at="2024-03-03T18:25:45 GMT" name="setUpEach" finished-at="2024-03-03T18:25:49 GMT" duration-ms="4274" status="PASS">
          <reporter-output>
          </reporter-output>
        </test-method> <!-- setUpEach -->
        <test-method signature="testClickGetStartedButton()[pri:7, instance:fuelbuddyAutomationTest.WelcomeScreenTest@15bb5034]" started-at="2024-03-03T18:25:49 GMT" name="testClickGetStartedButton" finished-at="2024-03-03T18:25:52 GMT" duration-ms="2731" status="PASS">
          <reporter-output>
          </reporter-output>
        </test-method> <!-- testClickGetStartedButton -->
        <test-method is-config="true" signature="tearDown()[pri:0, instance:fuelbuddyAutomationTest.WelcomeScreenTest@15bb5034]" started-at="2024-03-03T18:25:52 GMT" name="tearDown" finished-at="2024-03-03T18:25:52 GMT" duration-ms="278" status="PASS">
          <reporter-output>
          </reporter-output>
        </test-method> <!-- tearDown -->
      </class> <!-- fuelbuddyAutomationTest.WelcomeScreenTest -->
    </test> <!-- Regression Test -->
  </suite> <!-- Regression Suite -->
</testng-results>
